<?xml version="1.0" encoding="UTF-8"?>
<!-- Generated by org.testng.reporters.JUnitReportReporter -->
<testsuite hostname="Vijay" name="com.trainer.qa.testcases.LoginPageTest" tests="1" failures="0" timestamp="23 May 2018 06:31:03 GMT" time="23.412" errors="0">
  <testcase name="TrainerLogout" time="23.412" classname="com.trainer.qa.testcases.LoginPageTest"/>
</testsuite> <!-- com.trainer.qa.testcases.LoginPageTest -->
