<?xml version="1.0" encoding="UTF-8"?>
<!-- Generated by org.testng.reporters.JUnitReportReporter -->
<testsuite hostname="Vijay" name="com.trainer.qa.testcases.RandomString" tests="1" failures="0" timestamp="14 May 2018 11:01:19 GMT" time="0.008" errors="0">
  <testcase name="rando" time="0.008" classname="com.trainer.qa.testcases.RandomString"/>
</testsuite> <!-- com.trainer.qa.testcases.RandomString -->
