<?xml version="1.0" encoding="UTF-8"?>
<!-- Generated by org.testng.reporters.JUnitReportReporter -->
<testsuite hostname="Vijay" name="com.trainer.qa.testcases.DUMMYCLASS" tests="1" failures="0" timestamp="4 May 2018 10:45:00 GMT" time="24.054" errors="0">
  <testcase name="TrainerLogin" time="24.054" classname="com.trainer.qa.testcases.DUMMYCLASS"/>
</testsuite> <!-- com.trainer.qa.testcases.DUMMYCLASS -->
