<?xml version="1.0" encoding="UTF-8"?>
<!-- Generated by org.testng.reporters.JUnitReportReporter -->
<testsuite skipped="0" hostname="Vijay" name="com.trainer.qa.testcases.TrainerLogOut" tests="1" failures="0" timestamp="30 Apr 2018 06:45:48 GMT" time="10.175" errors="0">
  <testcase name="TrainerLogout" time="10.175" classname="com.trainer.qa.testcases.TrainerLogOut"/>
</testsuite> <!-- com.trainer.qa.testcases.TrainerLogOut -->
