<?xml version="1.0" encoding="UTF-8"?>
<!-- Generated by org.testng.reporters.JUnitReportReporter -->
<testsuite hostname="Vijay" name="com.trainer.qa.testcases.FacebookLoginTest" tests="1" failures="0" timestamp="9 May 2018 07:13:19 GMT" time="17.039" errors="0">
  <testcase name="facbookTrainerLogin" time="17.039" classname="com.trainer.qa.testcases.FacebookLoginTest"/>
</testsuite> <!-- com.trainer.qa.testcases.FacebookLoginTest -->
