<?xml version="1.0" encoding="UTF-8"?>
<!-- Generated by org.testng.reporters.JUnitReportReporter -->
<testsuite skipped="0" hostname="Vijay" name="com.trainer.qa.testcases.TrainerLogOutTest" tests="1" failures="0" timestamp="01 May 2018 04:54:55 GMT" time="10.569" errors="0">
  <testcase name="TrainerLogout" time="10.569" classname="com.trainer.qa.testcases.TrainerLogOutTest"/>
</testsuite> <!-- com.trainer.qa.testcases.TrainerLogOutTest -->
